<?xml version="1.0" encoding="UTF-8"?>
<robot generator="Robot 3.1.2 (Python 3.7.3 on win32)" generated="20190731 17:15:52.887" rpa="false">
<suite id="s1" name="practice OpenClose Browser" source="C:\Users\max.su\Downloads\github\Robot Framework Practice\Practice_OpenClose Browser\practice_OpenClose Browser.robot">
<test id="s1-t1" name="Open Web UI with Firefox &amp; Internet Explorer">
<kw name="Open Browser" library="SeleniumLibrary">
<doc>Opens a new browser instance to the given ``url``.</doc>
<arguments>
<arg>${HOST}</arg>
<arg>ff</arg>
</arguments>
<msg timestamp="20190731 17:15:53.188" level="INFO">Opening browser 'ff' to base url 'https://172.16.33.242/'.</msg>
<status status="PASS" starttime="20190731 17:15:53.188" endtime="20190731 17:15:59.680"></status>
</kw>
<kw name="Open Browser" library="SeleniumLibrary">
<doc>Opens a new browser instance to the given ``url``.</doc>
<arguments>
<arg>${HOST}</arg>
<arg>ie</arg>
</arguments>
<msg timestamp="20190731 17:15:59.681" level="INFO">Opening browser 'ie' to base url 'https://172.16.33.242/'.</msg>
<status status="PASS" starttime="20190731 17:15:59.681" endtime="20190731 17:16:04.399"></status>
</kw>
<kw name="Close All Browsers" library="SeleniumLibrary" type="teardown">
<doc>Closes all open browsers and resets the browser cache.</doc>
<status status="PASS" starttime="20190731 17:16:04.399" endtime="20190731 17:16:09.646"></status>
</kw>
<doc>Open browsers.</doc>
<tags>
<tag>001</tag>
</tags>
<status status="PASS" starttime="20190731 17:15:53.185" endtime="20190731 17:16:09.647" critical="yes"></status>
</test>
<doc>This is a practice to open and close Firefox and Internet Explorer browsers with Robot Framework.</doc>
<status status="PASS" starttime="20190731 17:15:52.897" endtime="20190731 17:16:09.659"></status>
</suite>
<statistics>
<total>
<stat pass="1" fail="0">Critical Tests</stat>
<stat pass="1" fail="0">All Tests</stat>
</total>
<tag>
<stat pass="1" fail="0">001</stat>
</tag>
<suite>
<stat pass="1" fail="0" id="s1" name="practice OpenClose Browser">practice OpenClose Browser</stat>
</suite>
</statistics>
<errors>
</errors>
</robot>
